<?xml version="1.0" encoding="UTF-8"?>
<testsuite xmlns:xsi="http://www.w3.org/2001/XMLSchema-instance" xsi:noNamespaceSchemaLocation="https://maven.apache.org/surefire/maven-surefire-plugin/xsd/surefire-test-report.xsd" version="3.0.2" name="nuarch.saucedmeo.interview.tests.BuggyUsersTest" time="16.445" tests="5" errors="0" skipped="0" failures="0">
  <properties>
[...]
</properties>
  <testcase name="givenBuggyUser_whenLogin_thenSeeExpectedBehavior(String, String, ExpectedBug)[1]" classname="nuarch.saucedmeo.interview.tests.BuggyUsersTest" time="2.443"/>
  <testcase name="givenBuggyUser_whenLogin_thenSeeExpectedBehavior(String, String, ExpectedBug)[2]" classname="nuarch.saucedmeo.interview.tests.BuggyUsersTest" time="7.142"/>
  <testcase name="givenBuggyUser_whenLogin_thenSeeExpectedBehavior(String, String, ExpectedBug)[3]" classname="nuarch.saucedmeo.interview.tests.BuggyUsersTest" time="2.192"/>
  <testcase name="givenBuggyUser_whenLogin_thenSeeExpectedBehavior(String, String, ExpectedBug)[4]" classname="nuarch.saucedmeo.interview.tests.BuggyUsersTest" time="2.227"/>
  <testcase name="givenBuggyUser_whenLogin_thenSeeExpectedBehavior(String, String, ExpectedBug)[5]" classname="nuarch.saucedmeo.interview.tests.BuggyUsersTest" time="2.39"/>
</testsuite>